src/server.ts(32,2): error TS2304: Cannot find name 'methods'.
src/server.ts(32,9): error TS1005: ',' expected.
src/server.ts(33,1): error TS1005: ',' expected.

src/server.ts(31,36): error TS1003: Identifier expected.

src/server.ts(31,36): error TS1003: Identifier expected.

src/server.ts(31,36): error TS1003: Identifier expected.

src/server.ts(31,36): error TS1003: Identifier expected.

src/server.ts(31,36): error TS1003: Identifier expected.

src/server.ts(31,36): error TS1003: Identifier expected.

src/server.ts(31,36): error TS1003: Identifier expected.

src/server.ts(31,36): error TS1003: Identifier expected.

src/server.ts(32,2): error TS2304: Cannot find name 'methods'.
src/server.ts(31,60): error TS1002: Unterminated string literal.
src/server.ts(32,2): error TS1005: ',' expected.
src/server.ts(32,9): error TS1005: ',' expected.
src/server.ts(33,1): error TS1005: ',' expected.

src/server.ts(32,2): error TS2304: Cannot find name 'methods'.
src/server.ts(31,61): error TS1002: Unterminated string literal.
src/server.ts(32,2): error TS1005: ',' expected.
src/server.ts(32,9): error TS1005: ',' expected.
src/server.ts(33,1): error TS1005: ',' expected.

src/server.ts(32,2): error TS2304: Cannot find name 'methods'.
src/server.ts(31,60): error TS1002: Unterminated string literal.
src/server.ts(32,2): error TS1005: ',' expected.
src/server.ts(32,9): error TS1005: ',' expected.
src/server.ts(33,1): error TS1005: ',' expected.

src/server.ts(32,2): error TS1005: ',' expected.

/home/hulefevr/Cursus/final/ft_transcendence/ft_transcendence/backend/node_modules/arg/index.js:90
						throw err;
						^

Error: Unknown or unexpected option: --trace-warnings
    at arg (/home/hulefevr/Cursus/final/ft_transcendence/ft_transcendence/backend/node_modules/arg/index.js:88:19)
    at parseArgv (/home/hulefevr/Cursus/final/ft_transcendence/ft_transcendence/backend/node_modules/ts-node/dist/bin.js:69:12)
    at main (/home/hulefevr/Cursus/final/ft_transcendence/ft_transcendence/backend/node_modules/ts-node/dist/bin.js:25:18)
    at Object.<anonymous> (/home/hulefevr/Cursus/final/ft_transcendence/ft_transcendence/backend/node_modules/ts-node/dist/bin.js:579:5)
    at Module._compile (node:internal/modules/cjs/loader:1364:14)
    at Module._extensions..js (node:internal/modules/cjs/loader:1422:10)
    at Module.load (node:internal/modules/cjs/loader:1203:32)
    at Module._load (node:internal/modules/cjs/loader:1019:12)
    at Function.executeUserEntryPoint [as runMain] (node:internal/modules/run_main:128:12)
    at node:internal/main/run_main_module:28:49 {
  code: 'ARG_UNKNOWN_OPTION'
}

Node.js v18.20.8
/home/hulefevr/Cursus/final/ft_transcendence/ft_transcendence/backend/node_modules/arg/index.js:90
						throw err;
						^

Error: Unknown or unexpected option: --trace-warnings
    at arg (/home/hulefevr/Cursus/final/ft_transcendence/ft_transcendence/backend/node_modules/arg/index.js:88:19)
    at parseArgv (/home/hulefevr/Cursus/final/ft_transcendence/ft_transcendence/backend/node_modules/ts-node/dist/bin.js:69:12)
    at main (/home/hulefevr/Cursus/final/ft_transcendence/ft_transcendence/backend/node_modules/ts-node/dist/bin.js:25:18)
    at Object.<anonymous> (/home/hulefevr/Cursus/final/ft_transcendence/ft_transcendence/backend/node_modules/ts-node/dist/bin.js:579:5)
    at Module._compile (node:internal/modules/cjs/loader:1364:14)
    at Module._extensions..js (node:internal/modules/cjs/loader:1422:10)
    at Module.load (node:internal/modules/cjs/loader:1203:32)
    at Module._load (node:internal/modules/cjs/loader:1019:12)
    at Function.executeUserEntryPoint [as runMain] (node:internal/modules/run_main:128:12)
    at node:internal/main/run_main_module:28:49 {
  code: 'ARG_UNKNOWN_OPTION'
}

Node.js v18.20.8
/home/hulefevr/Cursus/final/ft_transcendence/ft_transcendence/backend/node_modules/arg/index.js:90
						throw err;
						^

Error: Unknown or unexpected option: --trace-warnings
    at arg (/home/hulefevr/Cursus/final/ft_transcendence/ft_transcendence/backend/node_modules/arg/index.js:88:19)
    at parseArgv (/home/hulefevr/Cursus/final/ft_transcendence/ft_transcendence/backend/node_modules/ts-node/dist/bin.js:69:12)
    at main (/home/hulefevr/Cursus/final/ft_transcendence/ft_transcendence/backend/node_modules/ts-node/dist/bin.js:25:18)
    at Object.<anonymous> (/home/hulefevr/Cursus/final/ft_transcendence/ft_transcendence/backend/node_modules/ts-node/dist/bin.js:579:5)
    at Module._compile (node:internal/modules/cjs/loader:1364:14)
    at Module._extensions..js (node:internal/modules/cjs/loader:1422:10)
    at Module.load (node:internal/modules/cjs/loader:1203:32)
    at Module._load (node:internal/modules/cjs/loader:1019:12)
    at Function.executeUserEntryPoint [as runMain] (node:internal/modules/run_main:128:12)
    at node:internal/main/run_main_module:28:49 {
  code: 'ARG_UNKNOWN_OPTION'
}

Node.js v18.20.8
/home/hulefevr/Cursus/final/ft_transcendence/ft_transcendence/backend/node_modules/arg/index.js:90
						throw err;
						^

Error: Unknown or unexpected option: --trace-warnings
    at arg (/home/hulefevr/Cursus/final/ft_transcendence/ft_transcendence/backend/node_modules/arg/index.js:88:19)
    at parseArgv (/home/hulefevr/Cursus/final/ft_transcendence/ft_transcendence/backend/node_modules/ts-node/dist/bin.js:69:12)
    at main (/home/hulefevr/Cursus/final/ft_transcendence/ft_transcendence/backend/node_modules/ts-node/dist/bin.js:25:18)
    at Object.<anonymous> (/home/hulefevr/Cursus/final/ft_transcendence/ft_transcendence/backend/node_modules/ts-node/dist/bin.js:579:5)
    at Module._compile (node:internal/modules/cjs/loader:1364:14)
    at Module._extensions..js (node:internal/modules/cjs/loader:1422:10)
    at Module.load (node:internal/modules/cjs/loader:1203:32)
    at Module._load (node:internal/modules/cjs/loader:1019:12)
    at Function.executeUserEntryPoint [as runMain] (node:internal/modules/run_main:128:12)
    at node:internal/main/run_main_module:28:49 {
  code: 'ARG_UNKNOWN_OPTION'
}

Node.js v18.20.8
/home/hulefevr/Cursus/final/ft_transcendence/ft_transcendence/backend/node_modules/arg/index.js:90
						throw err;
						^

Error: Unknown or unexpected option: --trace-warnings
    at arg (/home/hulefevr/Cursus/final/ft_transcendence/ft_transcendence/backend/node_modules/arg/index.js:88:19)
    at parseArgv (/home/hulefevr/Cursus/final/ft_transcendence/ft_transcendence/backend/node_modules/ts-node/dist/bin.js:69:12)
    at main (/home/hulefevr/Cursus/final/ft_transcendence/ft_transcendence/backend/node_modules/ts-node/dist/bin.js:25:18)
    at Object.<anonymous> (/home/hulefevr/Cursus/final/ft_transcendence/ft_transcendence/backend/node_modules/ts-node/dist/bin.js:579:5)
    at Module._compile (node:internal/modules/cjs/loader:1364:14)
    at Module._extensions..js (node:internal/modules/cjs/loader:1422:10)
    at Module.load (node:internal/modules/cjs/loader:1203:32)
    at Module._load (node:internal/modules/cjs/loader:1019:12)
    at Function.executeUserEntryPoint [as runMain] (node:internal/modules/run_main:128:12)
    at node:internal/main/run_main_module:28:49 {
  code: 'ARG_UNKNOWN_OPTION'
}

Node.js v18.20.8
/home/hulefevr/Cursus/final/ft_transcendence/ft_transcendence/backend/node_modules/arg/index.js:90
						throw err;
						^

Error: Unknown or unexpected option: --trace-warnings
    at arg (/home/hulefevr/Cursus/final/ft_transcendence/ft_transcendence/backend/node_modules/arg/index.js:88:19)
    at parseArgv (/home/hulefevr/Cursus/final/ft_transcendence/ft_transcendence/backend/node_modules/ts-node/dist/bin.js:69:12)
    at main (/home/hulefevr/Cursus/final/ft_transcendence/ft_transcendence/backend/node_modules/ts-node/dist/bin.js:25:18)
    at Object.<anonymous> (/home/hulefevr/Cursus/final/ft_transcendence/ft_transcendence/backend/node_modules/ts-node/dist/bin.js:579:5)
    at Module._compile (node:internal/modules/cjs/loader:1364:14)
    at Module._extensions..js (node:internal/modules/cjs/loader:1422:10)
    at Module.load (node:internal/modules/cjs/loader:1203:32)
    at Module._load (node:internal/modules/cjs/loader:1019:12)
    at Function.executeUserEntryPoint [as runMain] (node:internal/modules/run_main:128:12)
    at node:internal/main/run_main_module:28:49 {
  code: 'ARG_UNKNOWN_OPTION'
}

Node.js v18.20.8
/home/hulefevr/Cursus/final/ft_transcendence/ft_transcendence/backend/node_modules/arg/index.js:90
						throw err;
						^

Error: Unknown or unexpected option: --trace-warnings
    at arg (/home/hulefevr/Cursus/final/ft_transcendence/ft_transcendence/backend/node_modules/arg/index.js:88:19)
    at parseArgv (/home/hulefevr/Cursus/final/ft_transcendence/ft_transcendence/backend/node_modules/ts-node/dist/bin.js:69:12)
    at main (/home/hulefevr/Cursus/final/ft_transcendence/ft_transcendence/backend/node_modules/ts-node/dist/bin.js:25:18)
    at Object.<anonymous> (/home/hulefevr/Cursus/final/ft_transcendence/ft_transcendence/backend/node_modules/ts-node/dist/bin.js:579:5)
    at Module._compile (node:internal/modules/cjs/loader:1364:14)
    at Module._extensions..js (node:internal/modules/cjs/loader:1422:10)
    at Module.load (node:internal/modules/cjs/loader:1203:32)
    at Module._load (node:internal/modules/cjs/loader:1019:12)
    at Function.executeUserEntryPoint [as runMain] (node:internal/modules/run_main:128:12)
    at node:internal/main/run_main_module:28:49 {
  code: 'ARG_UNKNOWN_OPTION'
}

Node.js v18.20.8
/home/hulefevr/Cursus/final/ft_transcendence/ft_transcendence/backend/node_modules/arg/index.js:90
						throw err;
						^

Error: Unknown or unexpected option: --trace-warnings
    at arg (/home/hulefevr/Cursus/final/ft_transcendence/ft_transcendence/backend/node_modules/arg/index.js:88:19)
    at parseArgv (/home/hulefevr/Cursus/final/ft_transcendence/ft_transcendence/backend/node_modules/ts-node/dist/bin.js:69:12)
    at main (/home/hulefevr/Cursus/final/ft_transcendence/ft_transcendence/backend/node_modules/ts-node/dist/bin.js:25:18)
    at Object.<anonymous> (/home/hulefevr/Cursus/final/ft_transcendence/ft_transcendence/backend/node_modules/ts-node/dist/bin.js:579:5)
    at Module._compile (node:internal/modules/cjs/loader:1364:14)
    at Module._extensions..js (node:internal/modules/cjs/loader:1422:10)
    at Module.load (node:internal/modules/cjs/loader:1203:32)
    at Module._load (node:internal/modules/cjs/loader:1019:12)
    at Function.executeUserEntryPoint [as runMain] (node:internal/modules/run_main:128:12)
    at node:internal/main/run_main_module:28:49 {
  code: 'ARG_UNKNOWN_OPTION'
}

Node.js v18.20.8
/home/hulefevr/Cursus/final/ft_transcendence/ft_transcendence/backend/node_modules/arg/index.js:90
						throw err;
						^

Error: Unknown or unexpected option: --trace-warnings
    at arg (/home/hulefevr/Cursus/final/ft_transcendence/ft_transcendence/backend/node_modules/arg/index.js:88:19)
    at parseArgv (/home/hulefevr/Cursus/final/ft_transcendence/ft_transcendence/backend/node_modules/ts-node/dist/bin.js:69:12)
    at main (/home/hulefevr/Cursus/final/ft_transcendence/ft_transcendence/backend/node_modules/ts-node/dist/bin.js:25:18)
    at Object.<anonymous> (/home/hulefevr/Cursus/final/ft_transcendence/ft_transcendence/backend/node_modules/ts-node/dist/bin.js:579:5)
    at Module._compile (node:internal/modules/cjs/loader:1364:14)
    at Module._extensions..js (node:internal/modules/cjs/loader:1422:10)
    at Module.load (node:internal/modules/cjs/loader:1203:32)
    at Module._load (node:internal/modules/cjs/loader:1019:12)
    at Function.executeUserEntryPoint [as runMain] (node:internal/modules/run_main:128:12)
    at node:internal/main/run_main_module:28:49 {
  code: 'ARG_UNKNOWN_OPTION'
}

Node.js v18.20.8
/home/hulefevr/Cursus/final/ft_transcendence/ft_transcendence/backend/node_modules/arg/index.js:90
						throw err;
						^

Error: Unknown or unexpected option: --trace-warnings
    at arg (/home/hulefevr/Cursus/final/ft_transcendence/ft_transcendence/backend/node_modules/arg/index.js:88:19)
    at parseArgv (/home/hulefevr/Cursus/final/ft_transcendence/ft_transcendence/backend/node_modules/ts-node/dist/bin.js:69:12)
    at main (/home/hulefevr/Cursus/final/ft_transcendence/ft_transcendence/backend/node_modules/ts-node/dist/bin.js:25:18)
    at Object.<anonymous> (/home/hulefevr/Cursus/final/ft_transcendence/ft_transcendence/backend/node_modules/ts-node/dist/bin.js:579:5)
    at Module._compile (node:internal/modules/cjs/loader:1364:14)
    at Module._extensions..js (node:internal/modules/cjs/loader:1422:10)
    at Module.load (node:internal/modules/cjs/loader:1203:32)
    at Module._load (node:internal/modules/cjs/loader:1019:12)
    at Function.executeUserEntryPoint [as runMain] (node:internal/modules/run_main:128:12)
    at node:internal/main/run_main_module:28:49 {
  code: 'ARG_UNKNOWN_OPTION'
}

Node.js v18.20.8
/home/hulefevr/Cursus/final/ft_transcendence/ft_transcendence/backend/node_modules/arg/index.js:90
						throw err;
						^

Error: Unknown or unexpected option: --trace-warnings
    at arg (/home/hulefevr/Cursus/final/ft_transcendence/ft_transcendence/backend/node_modules/arg/index.js:88:19)
    at parseArgv (/home/hulefevr/Cursus/final/ft_transcendence/ft_transcendence/backend/node_modules/ts-node/dist/bin.js:69:12)
    at main (/home/hulefevr/Cursus/final/ft_transcendence/ft_transcendence/backend/node_modules/ts-node/dist/bin.js:25:18)
    at Object.<anonymous> (/home/hulefevr/Cursus/final/ft_transcendence/ft_transcendence/backend/node_modules/ts-node/dist/bin.js:579:5)
    at Module._compile (node:internal/modules/cjs/loader:1364:14)
    at Module._extensions..js (node:internal/modules/cjs/loader:1422:10)
    at Module.load (node:internal/modules/cjs/loader:1203:32)
    at Module._load (node:internal/modules/cjs/loader:1019:12)
    at Function.executeUserEntryPoint [as runMain] (node:internal/modules/run_main:128:12)
    at node:internal/main/run_main_module:28:49 {
  code: 'ARG_UNKNOWN_OPTION'
}

Node.js v18.20.8
/home/hulefevr/Cursus/final/ft_transcendence/ft_transcendence/backend/node_modules/arg/index.js:90
						throw err;
						^

Error: Unknown or unexpected option: --trace-warnings
    at arg (/home/hulefevr/Cursus/final/ft_transcendence/ft_transcendence/backend/node_modules/arg/index.js:88:19)
    at parseArgv (/home/hulefevr/Cursus/final/ft_transcendence/ft_transcendence/backend/node_modules/ts-node/dist/bin.js:69:12)
    at main (/home/hulefevr/Cursus/final/ft_transcendence/ft_transcendence/backend/node_modules/ts-node/dist/bin.js:25:18)
    at Object.<anonymous> (/home/hulefevr/Cursus/final/ft_transcendence/ft_transcendence/backend/node_modules/ts-node/dist/bin.js:579:5)
    at Module._compile (node:internal/modules/cjs/loader:1364:14)
    at Module._extensions..js (node:internal/modules/cjs/loader:1422:10)
    at Module.load (node:internal/modules/cjs/loader:1203:32)
    at Module._load (node:internal/modules/cjs/loader:1019:12)
    at Function.executeUserEntryPoint [as runMain] (node:internal/modules/run_main:128:12)
    at node:internal/main/run_main_module:28:49 {
  code: 'ARG_UNKNOWN_OPTION'
}

Node.js v18.20.8
/home/hulefevr/Cursus/final/ft_transcendence/ft_transcendence/backend/node_modules/arg/index.js:90
						throw err;
						^

Error: Unknown or unexpected option: --trace-warnings
    at arg (/home/hulefevr/Cursus/final/ft_transcendence/ft_transcendence/backend/node_modules/arg/index.js:88:19)
    at parseArgv (/home/hulefevr/Cursus/final/ft_transcendence/ft_transcendence/backend/node_modules/ts-node/dist/bin.js:69:12)
    at main (/home/hulefevr/Cursus/final/ft_transcendence/ft_transcendence/backend/node_modules/ts-node/dist/bin.js:25:18)
    at Object.<anonymous> (/home/hulefevr/Cursus/final/ft_transcendence/ft_transcendence/backend/node_modules/ts-node/dist/bin.js:579:5)
    at Module._compile (node:internal/modules/cjs/loader:1364:14)
    at Module._extensions..js (node:internal/modules/cjs/loader:1422:10)
    at Module.load (node:internal/modules/cjs/loader:1203:32)
    at Module._load (node:internal/modules/cjs/loader:1019:12)
    at Function.executeUserEntryPoint [as runMain] (node:internal/modules/run_main:128:12)
    at node:internal/main/run_main_module:28:49 {
  code: 'ARG_UNKNOWN_OPTION'
}

Node.js v18.20.8
/home/hulefevr/Cursus/final/ft_transcendence/ft_transcendence/backend/node_modules/arg/index.js:90
						throw err;
						^

Error: Unknown or unexpected option: --trace-warnings
    at arg (/home/hulefevr/Cursus/final/ft_transcendence/ft_transcendence/backend/node_modules/arg/index.js:88:19)
    at parseArgv (/home/hulefevr/Cursus/final/ft_transcendence/ft_transcendence/backend/node_modules/ts-node/dist/bin.js:69:12)
    at main (/home/hulefevr/Cursus/final/ft_transcendence/ft_transcendence/backend/node_modules/ts-node/dist/bin.js:25:18)
    at Object.<anonymous> (/home/hulefevr/Cursus/final/ft_transcendence/ft_transcendence/backend/node_modules/ts-node/dist/bin.js:579:5)
    at Module._compile (node:internal/modules/cjs/loader:1364:14)
    at Module._extensions..js (node:internal/modules/cjs/loader:1422:10)
    at Module.load (node:internal/modules/cjs/loader:1203:32)
    at Module._load (node:internal/modules/cjs/loader:1019:12)
    at Function.executeUserEntryPoint [as runMain] (node:internal/modules/run_main:128:12)
    at node:internal/main/run_main_module:28:49 {
  code: 'ARG_UNKNOWN_OPTION'
}

Node.js v18.20.8
/home/hulefevr/Cursus/final/ft_transcendence/ft_transcendence/backend/node_modules/arg/index.js:90
						throw err;
						^

Error: Unknown or unexpected option: --trace-warnings
    at arg (/home/hulefevr/Cursus/final/ft_transcendence/ft_transcendence/backend/node_modules/arg/index.js:88:19)
    at parseArgv (/home/hulefevr/Cursus/final/ft_transcendence/ft_transcendence/backend/node_modules/ts-node/dist/bin.js:69:12)
    at main (/home/hulefevr/Cursus/final/ft_transcendence/ft_transcendence/backend/node_modules/ts-node/dist/bin.js:25:18)
    at Object.<anonymous> (/home/hulefevr/Cursus/final/ft_transcendence/ft_transcendence/backend/node_modules/ts-node/dist/bin.js:579:5)
    at Module._compile (node:internal/modules/cjs/loader:1364:14)
    at Module._extensions..js (node:internal/modules/cjs/loader:1422:10)
    at Module.load (node:internal/modules/cjs/loader:1203:32)
    at Module._load (node:internal/modules/cjs/loader:1019:12)
    at Function.executeUserEntryPoint [as runMain] (node:internal/modules/run_main:128:12)
    at node:internal/main/run_main_module:28:49 {
  code: 'ARG_UNKNOWN_OPTION'
}

Node.js v18.20.8
/home/hulefevr/Cursus/final/ft_transcendence/ft_transcendence/backend/node_modules/arg/index.js:90
						throw err;
						^

Error: Unknown or unexpected option: --trace-warnings
    at arg (/home/hulefevr/Cursus/final/ft_transcendence/ft_transcendence/backend/node_modules/arg/index.js:88:19)
    at parseArgv (/home/hulefevr/Cursus/final/ft_transcendence/ft_transcendence/backend/node_modules/ts-node/dist/bin.js:69:12)
    at main (/home/hulefevr/Cursus/final/ft_transcendence/ft_transcendence/backend/node_modules/ts-node/dist/bin.js:25:18)
    at Object.<anonymous> (/home/hulefevr/Cursus/final/ft_transcendence/ft_transcendence/backend/node_modules/ts-node/dist/bin.js:579:5)
    at Module._compile (node:internal/modules/cjs/loader:1364:14)
    at Module._extensions..js (node:internal/modules/cjs/loader:1422:10)
    at Module.load (node:internal/modules/cjs/loader:1203:32)
    at Module._load (node:internal/modules/cjs/loader:1019:12)
    at Function.executeUserEntryPoint [as runMain] (node:internal/modules/run_main:128:12)
    at node:internal/main/run_main_module:28:49 {
  code: 'ARG_UNKNOWN_OPTION'
}

Node.js v18.20.8
