Kibana is currently running with legacy OpenSSL providers enabled! For details and instructions on how to disable see https://www.elastic.co/guide/en/kibana/8.11/production.html#openssl-legacy-provider
{"log.level":"info","@timestamp":"2025-05-09T14:02:23.207Z","log":{"logger":"elastic-apm-node"},"agentVersion":"4.0.0","env":{"pid":7,"proctitle":"/usr/share/kibana/bin/../node/bin/node","os":"linux 6.8.0-57-generic","arch":"x64","host":"cd6f73a50981","timezone":"UTC+00","runtime":"Node.js v18.18.2"},"config":{"serviceName":{"source":"start","value":"kibana","commonName":"service_name"},"serviceVersion":{"source":"start","value":"8.11.1","commonName":"service_version"},"serverUrl":{"source":"start","value":"https://kibana-cloud-apm.apm.us-east-1.aws.found.io/","commonName":"server_url"},"logLevel":{"source":"default","value":"info","commonName":"log_level"},"active":{"source":"start","value":true},"contextPropagationOnly":{"source":"start","value":true},"environment":{"source":"start","value":"production"},"globalLabels":{"source":"start","value":[["git_rev","09feaf416f986b239b8e8ad95ecdda0f9d56ebec"]],"sourceValue":{"git_rev":"09feaf416f986b239b8e8ad95ecdda0f9d56ebec"}},"secretToken":{"source":"start","value":"[REDACTED]","commonName":"secret_token"},"breakdownMetrics":{"source":"start","value":false},"captureSpanStackTraces":{"source":"start","sourceValue":false},"centralConfig":{"source":"start","value":false},"metricsInterval":{"source":"start","value":120,"sourceValue":"120s"},"propagateTracestate":{"source":"start","value":true},"transactionSampleRate":{"source":"start","value":0.1,"commonName":"transaction_sample_rate"},"captureBody":{"source":"start","value":"off","commonName":"capture_body"},"captureHeaders":{"source":"start","value":false}},"activationMethod":"require","ecs":{"version":"1.6.0"},"message":"Elastic APM Node.js Agent v4.0.0"}
[2025-05-09T14:02:24.209+00:00][INFO ][root] Kibana is starting
[2025-05-09T14:02:24.249+00:00][INFO ][node] Kibana process configured with roles: [background_tasks, ui]
[2025-05-09T14:02:32.010+00:00][INFO ][plugins-service] Plugin "cloudChat" is disabled.
[2025-05-09T14:02:32.013+00:00][INFO ][plugins-service] Plugin "cloudExperiments" is disabled.
[2025-05-09T14:02:32.013+00:00][INFO ][plugins-service] Plugin "cloudFullStory" is disabled.
[2025-05-09T14:02:32.013+00:00][INFO ][plugins-service] Plugin "cloudGainsight" is disabled.
[2025-05-09T14:02:32.072+00:00][INFO ][plugins-service] Plugin "profilingDataAccess" is disabled.
[2025-05-09T14:02:32.073+00:00][INFO ][plugins-service] Plugin "profiling" is disabled.
[2025-05-09T14:02:32.094+00:00][INFO ][plugins-service] Plugin "securitySolutionServerless" is disabled.
[2025-05-09T14:02:32.094+00:00][INFO ][plugins-service] Plugin "serverless" is disabled.
[2025-05-09T14:02:32.094+00:00][INFO ][plugins-service] Plugin "serverlessObservability" is disabled.
[2025-05-09T14:02:32.094+00:00][INFO ][plugins-service] Plugin "serverlessSearch" is disabled.
[2025-05-09T14:02:32.183+00:00][INFO ][http.server.Preboot] http server running at http://0.0.0.0:5601/kibana
[2025-05-09T14:02:32.226+00:00][INFO ][plugins-system.preboot] Setting up [1] plugins: [interactiveSetup]
[2025-05-09T14:02:32.237+00:00][WARN ][config.deprecation] The default mechanism for Reporting privileges will work differently in future versions, which will affect the behavior of this cluster. Set "xpack.reporting.roles.enabled" to "false" to adopt the future behavior before upgrading.
[2025-05-09T14:02:32.768+00:00][INFO ][plugins-system.standard] Setting up [147] plugins: [devTools,translations,share,screenshotMode,usageCollection,telemetryCollectionManager,telemetryCollectionXpack,taskManager,kibanaUsageCollection,cloud,newsfeed,savedObjectsFinder,noDataPage,monitoringCollection,metricsDataAccess,licensing,mapsEms,globalSearch,globalSearchProviders,features,guidedOnboarding,banners,licenseApiGuard,customBranding,ftrApis,fieldFormats,expressions,screenshotting,esUiShared,customIntegrations,contentManagement,dataViews,home,searchprofiler,painlessLab,management,spaces,security,telemetry,licenseManagement,snapshotRestore,lists,files,encryptedSavedObjects,eventLog,actions,notifications,cloudDataMigration,advancedSettings,grokdebugger,console,bfetch,data,savedObjectsTagging,savedObjectsManagement,unifiedSearch,graph,alerting,embeddable,uiActionsEnhanced,savedSearch,presentationUtil,expressionShape,expressionRevealImage,expressionRepeatImage,expressionMetric,expressionImage,controls,fileUpload,ingestPipelines,ecsDataQualityDashboard,dataViewFieldEditor,dataViewManagement,charts,watcher,visualizations,visTypeXy,visTypeVislib,visTypeVega,visTypeTimeseries,visTypeTimelion,visTypeTagcloud,visTypeTable,visTypeMetric,visTypeMarkdown,visTypeHeatmap,inputControlVis,expressionTagcloud,expressionPartitionVis,visTypePie,expressionMetricVis,expressionLegacyMetricVis,expressionHeatmap,expressionGauge,visTypeGauge,eventAnnotation,expressionXY,dashboard,triggersActionsUi,transform,stackConnectors,stackAlerts,ruleRegistry,links,lens,maps,discover,reporting,canvas,fleet,logExplorer,indexManagement,rollup,remoteClusters,crossClusterReplication,indexLifecycleManagement,cloudSecurityPosture,discoverEnhanced,dataVisualizer,cases,timelines,sessionView,kubernetesSecurity,cloudDefend,threatIntelligence,osquery,observabilityLogExplorer,observabilityAIAssistant,logsShared,aiops,observability,observabilityOnboarding,ml,uptime,synthetics,infra,upgradeAssistant,monitoring,logstash,enterpriseSearch,elasticAssistant,securitySolution,securitySolutionEss,dashboardEnhanced,apmDataAccess,assetManager,apm]
[2025-05-09T14:02:32.772+00:00][INFO ][plugins.taskManager] TaskManager is identified by the Kibana UUID: 9935530d-78de-468f-8f69-731664ae4987
[2025-05-09T14:02:32.783+00:00][INFO ][custom-branding-service] CustomBrandingService registering plugin: customBranding
[2025-05-09T14:02:32.809+00:00][WARN ][plugins.security.config] Session cookies will be transmitted over insecure connections. This is not recommended.
[2025-05-09T14:02:32.818+00:00][WARN ][plugins.security.config] Session cookies will be transmitted over insecure connections. This is not recommended.
[2025-05-09T14:02:32.826+00:00][INFO ][plugins.encryptedSavedObjects] Hashed 'xpack.encryptedSavedObjects.encryptionKey' for this instance: 1jXiZ4YF6AufwqBFHZyLOXC3BZOQxo6g0YkbOyb1uqE=
[2025-05-09T14:02:32.830+00:00][INFO ][plugins.notifications] Email Service Error: Email connector not specified.
[2025-05-09T14:02:32.860+00:00][INFO ][plugins.alerting] using indexes and aliases for persisting alerts
[2025-05-09T14:02:32.957+00:00][INFO ][plugins.alerting] Registering resources for context "stack".
[2025-05-09T14:02:32.974+00:00][WARN ][plugins.reporting.config] Found 'server.host: "0.0.0.0"' in Kibana configuration. Reporting is not able to use this as the Kibana server hostname. To enable PNG/PDF Reporting to work, 'xpack.reporting.kibanaServer.hostname: localhost' is automatically set in the configuration. You can prevent this message by adding 'xpack.reporting.kibanaServer.hostname: localhost' in kibana.yml.
[2025-05-09T14:02:33.007+00:00][INFO ][plugins.cloudSecurityPosture] Registered task successfully [Task: cloud_security_posture-stats_task]
[2025-05-09T14:02:33.028+00:00][INFO ][plugins.alerting] Registering resources for context "observability.slo".
[2025-05-09T14:02:33.029+00:00][INFO ][plugins.alerting] Registering resources for context "observability.threshold".
[2025-05-09T14:02:33.039+00:00][INFO ][plugins.alerting] Registering resources for context "ml.anomaly-detection".
[2025-05-09T14:02:33.044+00:00][INFO ][plugins.alerting] Registering resources for context "observability.uptime".
[2025-05-09T14:02:33.054+00:00][INFO ][plugins.alerting] Registering resources for context "observability.logs".
[2025-05-09T14:02:33.055+00:00][INFO ][plugins.alerting] Registering resources for context "observability.metrics".
[2025-05-09T14:02:33.095+00:00][INFO ][plugins.alerting] Registering resources for context "security".
[2025-05-09T14:02:33.110+00:00][INFO ][plugins.assetManager] Server is NOT enabled
[2025-05-09T14:02:33.113+00:00][INFO ][plugins.alerting] Registering resources for context "observability.apm".
[2025-05-09T14:02:33.166+00:00][WARN ][plugins.screenshotting.config] Chromium sandbox provides an additional layer of protection, but is not supported for Linux Ubuntu 20.04 OS. Automatically setting 'xpack.screenshotting.browser.chromium.disableSandbox: true'.
[2025-05-09T14:02:33.223+00:00][INFO ][savedobjects-service] Waiting until all Elasticsearch nodes are compatible with Kibana before starting saved objects migrations...
[2025-05-09T14:02:33.224+00:00][INFO ][savedobjects-service] Starting saved objects migrations
[2025-05-09T14:02:33.250+00:00][INFO ][savedobjects-service] [.kibana_task_manager] INIT -> WAIT_FOR_YELLOW_SOURCE. took: 16ms.
[2025-05-09T14:02:33.251+00:00][INFO ][savedobjects-service] [.kibana] INIT -> WAIT_FOR_YELLOW_SOURCE. took: 17ms.
[2025-05-09T14:02:33.253+00:00][INFO ][savedobjects-service] [.kibana_analytics] INIT -> WAIT_FOR_YELLOW_SOURCE. took: 18ms.
[2025-05-09T14:02:33.254+00:00][INFO ][savedobjects-service] [.kibana_alerting_cases] INIT -> WAIT_FOR_YELLOW_SOURCE. took: 16ms.
[2025-05-09T14:02:33.255+00:00][INFO ][savedobjects-service] [.kibana_ingest] INIT -> WAIT_FOR_YELLOW_SOURCE. took: 16ms.
[2025-05-09T14:02:33.256+00:00][INFO ][savedobjects-service] [.kibana_security_solution] INIT -> WAIT_FOR_YELLOW_SOURCE. took: 19ms.
[2025-05-09T14:02:33.257+00:00][INFO ][savedobjects-service] [.kibana_ingest] WAIT_FOR_YELLOW_SOURCE -> UPDATE_SOURCE_MAPPINGS_PROPERTIES. took: 2ms.
[2025-05-09T14:02:33.257+00:00][INFO ][savedobjects-service] [.kibana_ingest] UPDATE_SOURCE_MAPPINGS_PROPERTIES -> OUTDATED_DOCUMENTS_SEARCH_OPEN_PIT. took: 0ms.
[2025-05-09T14:02:33.258+00:00][INFO ][savedobjects-service] [.kibana_analytics] WAIT_FOR_YELLOW_SOURCE -> UPDATE_SOURCE_MAPPINGS_PROPERTIES. took: 5ms.
[2025-05-09T14:02:33.258+00:00][INFO ][savedobjects-service] [.kibana_analytics] UPDATE_SOURCE_MAPPINGS_PROPERTIES -> OUTDATED_DOCUMENTS_SEARCH_OPEN_PIT. took: 0ms.
[2025-05-09T14:02:33.258+00:00][INFO ][savedobjects-service] [.kibana_task_manager] WAIT_FOR_YELLOW_SOURCE -> UPDATE_SOURCE_MAPPINGS_PROPERTIES. took: 8ms.
[2025-05-09T14:02:33.259+00:00][INFO ][savedobjects-service] [.kibana_task_manager] UPDATE_SOURCE_MAPPINGS_PROPERTIES -> OUTDATED_DOCUMENTS_SEARCH_OPEN_PIT. took: 1ms.
[2025-05-09T14:02:33.259+00:00][INFO ][savedobjects-service] [.kibana] WAIT_FOR_YELLOW_SOURCE -> UPDATE_SOURCE_MAPPINGS_PROPERTIES. took: 8ms.
[2025-05-09T14:02:33.259+00:00][INFO ][savedobjects-service] [.kibana] UPDATE_SOURCE_MAPPINGS_PROPERTIES -> OUTDATED_DOCUMENTS_SEARCH_OPEN_PIT. took: 0ms.
[2025-05-09T14:02:33.260+00:00][INFO ][savedobjects-service] [.kibana_alerting_cases] WAIT_FOR_YELLOW_SOURCE -> UPDATE_SOURCE_MAPPINGS_PROPERTIES. took: 6ms.
[2025-05-09T14:02:33.260+00:00][INFO ][savedobjects-service] [.kibana_alerting_cases] UPDATE_SOURCE_MAPPINGS_PROPERTIES -> OUTDATED_DOCUMENTS_SEARCH_OPEN_PIT. took: 0ms.
[2025-05-09T14:02:33.261+00:00][INFO ][savedobjects-service] [.kibana_security_solution] WAIT_FOR_YELLOW_SOURCE -> UPDATE_SOURCE_MAPPINGS_PROPERTIES. took: 5ms.
[2025-05-09T14:02:33.261+00:00][INFO ][savedobjects-service] [.kibana_security_solution] UPDATE_SOURCE_MAPPINGS_PROPERTIES -> OUTDATED_DOCUMENTS_SEARCH_OPEN_PIT. took: 0ms.
[2025-05-09T14:02:33.262+00:00][INFO ][savedobjects-service] [.kibana_ingest] OUTDATED_DOCUMENTS_SEARCH_OPEN_PIT -> OUTDATED_DOCUMENTS_SEARCH_READ. took: 5ms.
[2025-05-09T14:02:33.263+00:00][INFO ][savedobjects-service] [.kibana] OUTDATED_DOCUMENTS_SEARCH_OPEN_PIT -> OUTDATED_DOCUMENTS_SEARCH_READ. took: 4ms.
[2025-05-09T14:02:33.264+00:00][INFO ][savedobjects-service] [.kibana_task_manager] OUTDATED_DOCUMENTS_SEARCH_OPEN_PIT -> OUTDATED_DOCUMENTS_SEARCH_READ. took: 5ms.
[2025-05-09T14:02:33.265+00:00][INFO ][savedobjects-service] [.kibana_analytics] OUTDATED_DOCUMENTS_SEARCH_OPEN_PIT -> OUTDATED_DOCUMENTS_SEARCH_READ. took: 7ms.
[2025-05-09T14:02:33.265+00:00][INFO ][savedobjects-service] [.kibana_alerting_cases] OUTDATED_DOCUMENTS_SEARCH_OPEN_PIT -> OUTDATED_DOCUMENTS_SEARCH_READ. took: 5ms.
[2025-05-09T14:02:33.266+00:00][INFO ][savedobjects-service] [.kibana_security_solution] OUTDATED_DOCUMENTS_SEARCH_OPEN_PIT -> OUTDATED_DOCUMENTS_SEARCH_READ. took: 5ms.
[2025-05-09T14:02:33.344+00:00][INFO ][savedobjects-service] [.kibana_security_solution] OUTDATED_DOCUMENTS_SEARCH_READ -> OUTDATED_DOCUMENTS_SEARCH_CLOSE_PIT. took: 78ms.
[2025-05-09T14:02:33.346+00:00][INFO ][savedobjects-service] [.kibana_alerting_cases] OUTDATED_DOCUMENTS_SEARCH_READ -> OUTDATED_DOCUMENTS_SEARCH_CLOSE_PIT. took: 81ms.
[2025-05-09T14:02:33.347+00:00][INFO ][savedobjects-service] [.kibana_task_manager] OUTDATED_DOCUMENTS_SEARCH_READ -> OUTDATED_DOCUMENTS_SEARCH_CLOSE_PIT. took: 83ms.
[2025-05-09T14:02:33.348+00:00][INFO ][savedobjects-service] [.kibana_security_solution] OUTDATED_DOCUMENTS_SEARCH_CLOSE_PIT -> CHECK_TARGET_MAPPINGS. took: 4ms.
[2025-05-09T14:02:33.348+00:00][INFO ][savedobjects-service] [.kibana_security_solution] CHECK_TARGET_MAPPINGS -> CHECK_VERSION_INDEX_READY_ACTIONS. took: 0ms.
[2025-05-09T14:02:33.348+00:00][INFO ][savedobjects-service] [.kibana_security_solution] CHECK_VERSION_INDEX_READY_ACTIONS -> DONE. took: 0ms.
[2025-05-09T14:02:33.348+00:00][INFO ][savedobjects-service] [.kibana_security_solution] Migration completed after 111ms
[2025-05-09T14:02:33.349+00:00][INFO ][savedobjects-service] [.kibana_ingest] OUTDATED_DOCUMENTS_SEARCH_READ -> OUTDATED_DOCUMENTS_SEARCH_CLOSE_PIT. took: 87ms.
[2025-05-09T14:02:33.350+00:00][INFO ][savedobjects-service] [.kibana_task_manager] OUTDATED_DOCUMENTS_SEARCH_CLOSE_PIT -> CHECK_TARGET_MAPPINGS. took: 3ms.
[2025-05-09T14:02:33.350+00:00][INFO ][savedobjects-service] [.kibana_task_manager] CHECK_TARGET_MAPPINGS -> CHECK_VERSION_INDEX_READY_ACTIONS. took: 0ms.
[2025-05-09T14:02:33.350+00:00][INFO ][savedobjects-service] [.kibana_task_manager] CHECK_VERSION_INDEX_READY_ACTIONS -> DONE. took: 0ms.
[2025-05-09T14:02:33.350+00:00][INFO ][savedobjects-service] [.kibana_task_manager] Migration completed after 116ms
[2025-05-09T14:02:33.351+00:00][INFO ][savedobjects-service] [.kibana_alerting_cases] OUTDATED_DOCUMENTS_SEARCH_CLOSE_PIT -> CHECK_TARGET_MAPPINGS. took: 5ms.
[2025-05-09T14:02:33.351+00:00][INFO ][savedobjects-service] [.kibana_alerting_cases] CHECK_TARGET_MAPPINGS -> CHECK_VERSION_INDEX_READY_ACTIONS. took: 0ms.
[2025-05-09T14:02:33.351+00:00][INFO ][savedobjects-service] [.kibana_alerting_cases] CHECK_VERSION_INDEX_READY_ACTIONS -> DONE. took: 0ms.
[2025-05-09T14:02:33.351+00:00][INFO ][savedobjects-service] [.kibana_alerting_cases] Migration completed after 113ms
[2025-05-09T14:02:33.352+00:00][INFO ][savedobjects-service] [.kibana_ingest] OUTDATED_DOCUMENTS_SEARCH_CLOSE_PIT -> CHECK_TARGET_MAPPINGS. took: 3ms.
[2025-05-09T14:02:33.352+00:00][INFO ][savedobjects-service] [.kibana_ingest] CHECK_TARGET_MAPPINGS -> CHECK_VERSION_INDEX_READY_ACTIONS. took: 0ms.
[2025-05-09T14:02:33.352+00:00][INFO ][savedobjects-service] [.kibana_ingest] CHECK_VERSION_INDEX_READY_ACTIONS -> DONE. took: 0ms.
[2025-05-09T14:02:33.352+00:00][INFO ][savedobjects-service] [.kibana_ingest] Migration completed after 113ms
[2025-05-09T14:02:33.353+00:00][INFO ][savedobjects-service] [.kibana] OUTDATED_DOCUMENTS_SEARCH_READ -> OUTDATED_DOCUMENTS_SEARCH_CLOSE_PIT. took: 90ms.
[2025-05-09T14:02:33.353+00:00][INFO ][savedobjects-service] [.kibana_analytics] OUTDATED_DOCUMENTS_SEARCH_READ -> OUTDATED_DOCUMENTS_SEARCH_CLOSE_PIT. took: 88ms.
[2025-05-09T14:02:33.354+00:00][INFO ][savedobjects-service] [.kibana] OUTDATED_DOCUMENTS_SEARCH_CLOSE_PIT -> CHECK_TARGET_MAPPINGS. took: 1ms.
[2025-05-09T14:02:33.354+00:00][INFO ][savedobjects-service] [.kibana] CHECK_TARGET_MAPPINGS -> CHECK_VERSION_INDEX_READY_ACTIONS. took: 0ms.
[2025-05-09T14:02:33.354+00:00][INFO ][savedobjects-service] [.kibana] CHECK_VERSION_INDEX_READY_ACTIONS -> DONE. took: 0ms.
[2025-05-09T14:02:33.355+00:00][INFO ][savedobjects-service] [.kibana] Migration completed after 121ms
[2025-05-09T14:02:33.355+00:00][INFO ][savedobjects-service] [.kibana_analytics] OUTDATED_DOCUMENTS_SEARCH_CLOSE_PIT -> CHECK_TARGET_MAPPINGS. took: 2ms.
[2025-05-09T14:02:33.355+00:00][INFO ][savedobjects-service] [.kibana_analytics] CHECK_TARGET_MAPPINGS -> CHECK_VERSION_INDEX_READY_ACTIONS. took: 0ms.
[2025-05-09T14:02:33.356+00:00][INFO ][savedobjects-service] [.kibana_analytics] CHECK_VERSION_INDEX_READY_ACTIONS -> DONE. took: 1ms.
[2025-05-09T14:02:33.356+00:00][INFO ][savedobjects-service] [.kibana_analytics] Migration completed after 121ms
[2025-05-09T14:02:33.360+00:00][INFO ][plugins-system.preboot] Stopping all plugins.
[2025-05-09T14:02:33.360+00:00][INFO ][plugins-system.preboot] All plugins stopped.
[2025-05-09T14:02:33.361+00:00][INFO ][plugins-system.standard] Starting [147] plugins: [devTools,translations,share,screenshotMode,usageCollection,telemetryCollectionManager,telemetryCollectionXpack,taskManager,kibanaUsageCollection,cloud,newsfeed,savedObjectsFinder,noDataPage,monitoringCollection,metricsDataAccess,licensing,mapsEms,globalSearch,globalSearchProviders,features,guidedOnboarding,banners,licenseApiGuard,customBranding,ftrApis,fieldFormats,expressions,screenshotting,esUiShared,customIntegrations,contentManagement,dataViews,home,searchprofiler,painlessLab,management,spaces,security,telemetry,licenseManagement,snapshotRestore,lists,files,encryptedSavedObjects,eventLog,actions,notifications,cloudDataMigration,advancedSettings,grokdebugger,console,bfetch,data,savedObjectsTagging,savedObjectsManagement,unifiedSearch,graph,alerting,embeddable,uiActionsEnhanced,savedSearch,presentationUtil,expressionShape,expressionRevealImage,expressionRepeatImage,expressionMetric,expressionImage,controls,fileUpload,ingestPipelines,ecsDataQualityDashboard,dataViewFieldEditor,dataViewManagement,charts,watcher,visualizations,visTypeXy,visTypeVislib,visTypeVega,visTypeTimeseries,visTypeTimelion,visTypeTagcloud,visTypeTable,visTypeMetric,visTypeMarkdown,visTypeHeatmap,inputControlVis,expressionTagcloud,expressionPartitionVis,visTypePie,expressionMetricVis,expressionLegacyMetricVis,expressionHeatmap,expressionGauge,visTypeGauge,eventAnnotation,expressionXY,dashboard,triggersActionsUi,transform,stackConnectors,stackAlerts,ruleRegistry,links,lens,maps,discover,reporting,canvas,fleet,logExplorer,indexManagement,rollup,remoteClusters,crossClusterReplication,indexLifecycleManagement,cloudSecurityPosture,discoverEnhanced,dataVisualizer,cases,timelines,sessionView,kubernetesSecurity,cloudDefend,threatIntelligence,osquery,observabilityLogExplorer,observabilityAIAssistant,logsShared,aiops,observability,observabilityOnboarding,ml,uptime,synthetics,infra,upgradeAssistant,monitoring,logstash,enterpriseSearch,elasticAssistant,securitySolution,securitySolutionEss,dashboardEnhanced,apmDataAccess,assetManager,apm]
[2025-05-09T14:02:33.572+00:00][INFO ][plugins.fleet] Task Fleet-Usage-Sender-1.1.3 scheduled with interval 1h
[2025-05-09T14:02:33.572+00:00][INFO ][plugins.fleet.fleet:check-deleted-files-task:1.0.1] Started with interval of [1d] and timeout of [2m]
[2025-05-09T14:02:33.578+00:00][INFO ][plugins.monitoring.monitoring] config sourced from: monitoring cluster
[2025-05-09T14:02:33.599+00:00][INFO ][plugins.observability] Installing SLO shared resources
[2025-05-09T14:02:33.599+00:00][INFO ][plugins.observability] Installing SLO component template [.slo-observability.sli-mappings]
[2025-05-09T14:02:33.599+00:00][INFO ][plugins.observability] Installing SLO component template [.slo-observability.sli-settings]
[2025-05-09T14:02:33.599+00:00][INFO ][plugins.observability] Installing SLO component template [.slo-observability.summary-mappings]
[2025-05-09T14:02:33.600+00:00][INFO ][plugins.observability] Installing SLO component template [.slo-observability.summary-settings]
[2025-05-09T14:02:33.603+00:00][INFO ][plugins.alerting] Installing ILM policy .alerts-ilm-policy
[2025-05-09T14:02:33.603+00:00][INFO ][plugins.alerting] Installing component template .alerts-framework-mappings
[2025-05-09T14:02:33.604+00:00][INFO ][plugins.alerting] Installing component template .alerts-legacy-alert-mappings
[2025-05-09T14:02:33.613+00:00][INFO ][plugins.alerting] Installing component template .alerts-ecs-mappings
[2025-05-09T14:02:33.617+00:00][INFO ][plugins.ruleRegistry] Installing component template .alerts-technical-mappings
[2025-05-09T14:02:34.367+00:00][INFO ][http.server.Kibana] http server running at http://0.0.0.0:5601/kibana
[2025-05-09T14:02:34.373+00:00][INFO ][plugins.fleet] Task Fleet-Usage-Logger-Task scheduled with interval 15m
[2025-05-09T14:02:34.383+00:00][INFO ][plugins.telemetry] Telemetry collection is enabled. For more information on telemetry settings, refer to https://www.elastic.co/guide/en/kibana/8.11/telemetry-settings-kbn.html.
[2025-05-09T14:02:34.417+00:00][INFO ][plugins.ruleRegistry] Installing ILM policy .preview.alerts-security.alerts-policy
[2025-05-09T14:02:34.422+00:00][INFO ][plugins.monitoring.monitoring.kibana-monitoring] Starting monitoring stats collection
[2025-05-09T14:02:34.427+00:00][INFO ][plugins.observability] Installing SLO index template [.slo-observability.sli]
[2025-05-09T14:02:34.428+00:00][INFO ][plugins.alerting] Installing component template .alerts-stack.alerts-mappings
[2025-05-09T14:02:34.429+00:00][INFO ][plugins.alerting] Installing component template .alerts-observability.slo.alerts-mappings
[2025-05-09T14:02:34.429+00:00][INFO ][plugins.alerting] Installing component template .alerts-observability.threshold.alerts-mappings
[2025-05-09T14:02:34.429+00:00][INFO ][plugins.alerting] Installing component template .alerts-ml.anomaly-detection.alerts-mappings
[2025-05-09T14:02:34.430+00:00][INFO ][plugins.alerting] Installing component template .alerts-observability.uptime.alerts-mappings
[2025-05-09T14:02:34.430+00:00][INFO ][plugins.alerting] Installing component template .alerts-observability.logs.alerts-mappings
[2025-05-09T14:02:34.430+00:00][INFO ][plugins.alerting] Installing component template .alerts-observability.metrics.alerts-mappings
[2025-05-09T14:02:34.432+00:00][INFO ][plugins.alerting] Installing component template .alerts-security.alerts-mappings
[2025-05-09T14:02:34.432+00:00][INFO ][plugins.alerting] Installing component template .alerts-observability.apm.alerts-mappings
[2025-05-09T14:02:34.436+00:00][INFO ][plugins.observabilityAIAssistant.service] Creating concrete write index - .kibana-observability-ai-assistant-conversations-000001
[2025-05-09T14:02:34.437+00:00][INFO ][plugins.ruleRegistry] Installing component template .preview.alerts-security.alerts-mappings
[2025-05-09T14:02:34.438+00:00][INFO ][plugins.observability] Installing SLO index template [.slo-observability.summary]
[2025-05-09T14:02:34.441+00:00][INFO ][plugins.alerting] Installing index template .alerts-stack.alerts-default-index-template
[2025-05-09T14:02:34.442+00:00][INFO ][plugins.alerting] Installing index template .alerts-observability.metrics.alerts-default-index-template
[2025-05-09T14:02:34.442+00:00][INFO ][plugins.alerting] Installing index template .alerts-observability.threshold.alerts-default-index-template
[2025-05-09T14:02:34.443+00:00][INFO ][plugins.alerting] Installing index template .alerts-observability.slo.alerts-default-index-template
[2025-05-09T14:02:34.443+00:00][INFO ][plugins.alerting] Installing index template .alerts-ml.anomaly-detection.alerts-default-index-template
[2025-05-09T14:02:34.444+00:00][INFO ][plugins.alerting] Installing index template .alerts-observability.uptime.alerts-default-index-template
[2025-05-09T14:02:34.444+00:00][INFO ][plugins.alerting] Installing index template .alerts-observability.apm.alerts-default-index-template
[2025-05-09T14:02:34.445+00:00][INFO ][plugins.alerting] Installing index template .alerts-security.alerts-default-index-template
[2025-05-09T14:02:34.445+00:00][INFO ][plugins.alerting] Installing index template .alerts-observability.logs.alerts-default-index-template
[2025-05-09T14:02:34.459+00:00][INFO ][plugins.observability] Installing SLO ingest pipeline [.slo-observability.sli.pipeline]
[2025-05-09T14:02:34.462+00:00][INFO ][plugins.observability] Installing SLO ingest pipeline [.slo-observability.summary.pipeline]
[2025-05-09T14:02:34.464+00:00][INFO ][plugins.alerting] Creating concrete write index - .internal.alerts-observability.apm.alerts-default-000001
[2025-05-09T14:02:34.465+00:00][INFO ][plugins.alerting] Creating concrete write index - .internal.alerts-ml.anomaly-detection.alerts-default-000001
[2025-05-09T14:02:34.470+00:00][INFO ][plugins.alerting] Creating concrete write index - .internal.alerts-observability.uptime.alerts-default-000001
[2025-05-09T14:02:34.478+00:00][INFO ][plugins.alerting] Creating concrete write index - .internal.alerts-stack.alerts-default-000001
[2025-05-09T14:02:34.480+00:00][INFO ][plugins.observability] SLO summary transforms already installed - skipping
[2025-05-09T14:02:34.485+00:00][INFO ][plugins.fleet] Agent policies updated by license change: []
[2025-05-09T14:02:34.488+00:00][INFO ][plugins.alerting] Creating concrete write index - .internal.alerts-observability.metrics.alerts-default-000001
[2025-05-09T14:02:34.489+00:00][INFO ][plugins.observabilityAIAssistant.service] Creating concrete write index - .kibana-observability-ai-assistant-kb-000001
[2025-05-09T14:02:34.489+00:00][INFO ][plugins.alerting] Creating concrete write index - .internal.alerts-security.alerts-default-000001
[2025-05-09T14:02:34.501+00:00][INFO ][status] Kibana is now degraded
[2025-05-09T14:02:34.501+00:00][INFO ][plugins.alerting] Creating concrete write index - .internal.alerts-observability.threshold.alerts-default-000001
[2025-05-09T14:02:34.502+00:00][INFO ][plugins.alerting] Creating concrete write index - .internal.alerts-observability.slo.alerts-default-000001
[2025-05-09T14:02:34.503+00:00][INFO ][plugins.alerting] Creating concrete write index - .internal.alerts-observability.logs.alerts-default-000001
[2025-05-09T14:02:34.508+00:00][INFO ][plugins.observabilityAIAssistant.service] Successfully set up index assets
[2025-05-09T14:02:34.820+00:00][INFO ][plugins.screenshotting.chromium] Browser executable: /usr/share/kibana/node_modules/@kbn/screenshotting-plugin/chromium/headless_shell-linux_x64/headless_shell
[2025-05-09T14:02:39.494+00:00][INFO ][status] Kibana is now available (was degraded)
